[  6%] Built target mecanum_drive_controller_parameters
[ 20%] Built target gmock_main
[ 40%] Built target gmock
[35m[1mConsolidate compiler generated dependencies of target mecanum_drive_controller[0m
[ 53%] Built target test_load_mecanum_drive_controller
[ 60%] [32mBuilding CXX object CMakeFiles/mecanum_drive_controller.dir/src/mecanum_drive_controller.cpp.o[0m
[01m[K/home/duser/clearpath_mecanum_drive_controller-ros2ws/src/ros2_controllers/mecanum_drive_controller/src/mecanum_drive_controller.cpp:[m[K In member function â€˜[01m[Kvirtual controller_interface::return_type mecanum_drive_controller::MecanumDriveController::update_reference_from_subscribers()[m[Kâ€™:
[01m[K/home/duser/clearpath_mecanum_drive_controller-ros2ws/src/ros2_controllers/mecanum_drive_controller/src/mecanum_drive_controller.cpp:392:12:[m[K [01;31m[Kerror: [m[Kfound â€˜[01m[K:[m[Kâ€™ in nested-name-specifier, expected â€˜[01m[K::[m[Kâ€™
  392 |     if (std[01;31m[K:[m[Kisnan(current_ref_unstamped->linear.x)){
      |            [01;31m[K^[m[K
      |            [32m[K::[m[K
[01m[K/home/duser/clearpath_mecanum_drive_controller-ros2ws/src/ros2_controllers/mecanum_drive_controller/src/mecanum_drive_controller.cpp:395:45:[m[K [01;31m[Kerror: [m[Kfound â€˜[01m[K:[m[Kâ€™ in nested-name-specifier, expected â€˜[01m[K::[m[Kâ€™
  395 |       std::string strx = "linear.x = " + std[01;31m[K:[m[Kto_string(current_ref_unstamped->linear.x);
      |                                             [01;31m[K^[m[K
      |                                             [32m[K::[m[K
[01m[K/home/duser/clearpath_mecanum_drive_controller-ros2ws/src/ros2_controllers/mecanum_drive_controller/src/mecanum_drive_controller.cpp:399:12:[m[K [01;31m[Kerror: [m[Kfound â€˜[01m[K:[m[Kâ€™ in nested-name-specifier, expected â€˜[01m[K::[m[Kâ€™
  399 |     if (std[01;31m[K:[m[Kisnan(current_ref_unstamped->linear.y)){
      |            [01;31m[K^[m[K
      |            [32m[K::[m[K
[01m[K/home/duser/clearpath_mecanum_drive_controller-ros2ws/src/ros2_controllers/mecanum_drive_controller/src/mecanum_drive_controller.cpp:402:45:[m[K [01;31m[Kerror: [m[Kfound â€˜[01m[K:[m[Kâ€™ in nested-name-specifier, expected â€˜[01m[K::[m[Kâ€™
  402 |       std::string stry = "linear.y = " + std[01;31m[K:[m[Kto_string(current_ref_unstamped->linear.y);
      |                                             [01;31m[K^[m[K
      |                                             [32m[K::[m[K
[01m[K/home/duser/clearpath_mecanum_drive_controller-ros2ws/src/ros2_controllers/mecanum_drive_controller/src/mecanum_drive_controller.cpp:406:12:[m[K [01;31m[Kerror: [m[Kfound â€˜[01m[K:[m[Kâ€™ in nested-name-specifier, expected â€˜[01m[K::[m[Kâ€™
  406 |     if (std[01;31m[K:[m[Kisnan(current_ref_unstamped->angular.z)){
      |            [01;31m[K^[m[K
      |            [32m[K::[m[K
[01m[K/home/duser/clearpath_mecanum_drive_controller-ros2ws/src/ros2_controllers/mecanum_drive_controller/src/mecanum_drive_controller.cpp:409:46:[m[K [01;31m[Kerror: [m[Kfound â€˜[01m[K:[m[Kâ€™ in nested-name-specifier, expected â€˜[01m[K::[m[Kâ€™
  409 |       std::string strz = "angular.z = " + std[01;31m[K:[m[Kto_string(current_ref_unstamped->angular.z);
      |                                              [01;31m[K^[m[K
      |                                              [32m[K::[m[K
gmake[2]: *** [CMakeFiles/mecanum_drive_controller.dir/build.make:76: CMakeFiles/mecanum_drive_controller.dir/src/mecanum_drive_controller.cpp.o] Error 1
gmake[1]: *** [CMakeFiles/Makefile2:208: CMakeFiles/mecanum_drive_controller.dir/all] Error 2
gmake: *** [Makefile:146: all] Error 2
